[1125/201312.430:ERROR:process_memory_win.cc(73)] ReadMemory at 0x22c11ed37c0 of 72 bytes failed: Запрос ReadProcessMemory или WriteProcessMemory был выполнен только частично. (0x12B)
[1125/201312.452:WARNING:pe_image_annotations_reader.cc(134)] could not read annotations list object in C:\Program Files (x86)\Google\Chrome\Application\78.0.3904.108\chrome_elf.dll
[1125/201312.452:ERROR:process_memory_win.cc(73)] ReadMemory at 0x7ff9318f0000 of 64 bytes failed: Запрос ReadProcessMemory или WriteProcessMemory был выполнен только частично. (0x12B)
[1125/201312.452:WARNING:pe_image_reader.cc(340)] could not read dos header from C:\WINDOWS\SYSTEM32\VERSION.dll
[1125/201312.452:ERROR:process_memory_win.cc(73)] ReadMemory at 0x7ff937e60000 of 64 bytes failed: Запрос ReadProcessMemory или WriteProcessMemory был выполнен только частично. (0x12B)
[1125/201312.453:WARNING:pe_image_reader.cc(340)] could not read dos header from C:\WINDOWS\System32\msvcrt.dll
[1125/201312.453:ERROR:process_memory_win.cc(73)] ReadMemory at 0x7ff935d30000 of 64 bytes failed: Запрос ReadProcessMemory или WriteProcessMemory был выполнен только частично. (0x12B)
[1125/201312.453:WARNING:pe_image_reader.cc(340)] could not read dos header from C:\WINDOWS\System32\bcryptPrimitives.dll
[1125/201312.453:ERROR:process_memory_win.cc(73)] ReadMemory at 0x7ff937f10000 of 64 bytes failed: Запрос ReadProcessMemory или WriteProcessMemory был выполнен только частично. (0x12B)
[1125/201312.453:WARNING:pe_image_reader.cc(340)] could not read dos header from C:\WINDOWS\System32\ADVAPI32.dll
[1125/201312.453:ERROR:process_memory_win.cc(73)] ReadMemory at 0x7ff937390000 of 64 bytes failed: Запрос ReadProcessMemory или WriteProcessMemory был выполнен только частично. (0x12B)
[1125/201312.453:WARNING:pe_image_reader.cc(340)] could not read dos header from C:\WINDOWS\System32\sechost.dll
[1125/201312.453:ERROR:process_memory_win.cc(73)] ReadMemory at 0x7ff937c10000 of 64 bytes failed: Запрос ReadProcessMemory или WriteProcessMemory был выполнен только частично. (0x12B)
[1125/201312.453:WARNING:pe_image_reader.cc(340)] could not read dos header from C:\WINDOWS\System32\RPCRT4.dll
[1125/201312.453:ERROR:process_memory_win.cc(73)] ReadMemory at 0x7ff8f1640000 of 64 bytes failed: Запрос ReadProcessMemory или WriteProcessMemory был выполнен только частично. (0x12B)
[1125/201312.453:WARNING:pe_image_reader.cc(340)] could not read dos header from C:\Program Files (x86)\Google\Chrome\Application\78.0.3904.108\chrome_child.dll
[1125/201312.453:ERROR:process_memory_win.cc(73)] ReadMemory at 0x7ff938820000 of 64 bytes failed: Запрос ReadProcessMemory или WriteProcessMemory был выполнен только частично. (0x12B)
[1125/201312.453:WARNING:pe_image_reader.cc(340)] could not read dos header from C:\WINDOWS\System32\OLEAUT32.dll
[1125/201312.453:ERROR:process_memory_win.cc(73)] ReadMemory at 0x7ff936d90000 of 64 bytes failed: Запрос ReadProcessMemory или WriteProcessMemory был выполнен только частично. (0x12B)
[1125/201312.453:WARNING:pe_image_reader.cc(340)] could not read dos header from C:\WINDOWS\System32\msvcp_win.dll
[1125/201312.453:ERROR:process_memory_win.cc(73)] ReadMemory at 0x7ff936840000 of 64 bytes failed: Запрос ReadProcessMemory или WriteProcessMemory был выполнен только частично. (0x12B)
[1125/201312.453:WARNING:pe_image_reader.cc(340)] could not read dos header from C:\WINDOWS\System32\ucrtbase.dll
[1125/201312.453:ERROR:process_memory_win.cc(73)] ReadMemory at 0x7ff937fc0000 of 64 bytes failed: Запрос ReadProcessMemory или WriteProcessMemory был выполнен только частично. (0x12B)
[1125/201312.453:WARNING:pe_image_reader.cc(340)] could not read dos header from C:\WINDOWS\System32\combase.dll
[1125/201312.453:ERROR:process_memory_win.cc(73)] ReadMemory at 0x7ff937ba0000 of 64 bytes failed: Запрос ReadProcessMemory или WriteProcessMemory был выполнен только частично. (0x12B)
[1125/201312.453:WARNING:pe_image_reader.cc(340)] could not read dos header from C:\WINDOWS\System32\WS2_32.dll
[1125/201312.453:ERROR:process_memory_win.cc(73)] ReadMemory at 0x7ff936610000 of 64 bytes failed: Запрос ReadProcessMemory или WriteProcessMemory был выполнен только частично. (0x12B)
[1125/201312.453:WARNING:pe_image_reader.cc(340)] could not read dos header from C:\WINDOWS\System32\WINTRUST.dll
[1125/201312.453:ERROR:process_memory_win.cc(73)] ReadMemory at 0x7ff935ca0000 of 64 bytes failed: Запрос ReadProcessMemory или WriteProcessMemory был выполнен только частично. (0x12B)
[1125/201312.453:WARNING:pe_image_reader.cc(340)] could not read dos header from C:\WINDOWS\System32\MSASN1.dll
[1125/201312.453:ERROR:process_memory_win.cc(73)] ReadMemory at 0x7ff936940000 of 64 bytes failed: Запрос ReadProcessMemory или WriteProcessMemory был выполнен только частично. (0x12B)
[1125/201312.453:WARNING:pe_image_reader.cc(340)] could not read dos header from C:\WINDOWS\System32\CRYPT32.dll
[1125/201312.453:ERROR:process_memory_win.cc(73)] ReadMemory at 0x7ff935190000 of 64 bytes failed: Запрос ReadProcessMemory или WriteProcessMemory был выполнен только частично. (0x12B)
[1125/201312.453:WARNING:pe_image_reader.cc(340)] could not read dos header from C:\WINDOWS\SYSTEM32\IPHLPAPI.DLL
[1125/201312.453:ERROR:process_memory_win.cc(73)] ReadMemory at 0x7ff925740000 of 64 bytes failed: Запрос ReadProcessMemory или WriteProcessMemory был выполнен только частично. (0x12B)
[1125/201312.453:WARNING:pe_image_reader.cc(340)] could not read dos header from C:\WINDOWS\SYSTEM32\WINMM.dll
[1125/201312.453:ERROR:process_memory_win.cc(73)] ReadMemory at 0x7ff935b90000 of 64 bytes failed: Запрос ReadProcessMemory или WriteProcessMemory был выполнен только частично. (0x12B)
[1125/201312.453:WARNING:pe_image_reader.cc(340)] could not read dos header from C:\WINDOWS\SYSTEM32\USERENV.dll
[1125/201312.453:ERROR:process_memory_win.cc(73)] ReadMemory at 0x7ff935cc0000 of 64 bytes failed: Запрос ReadProcessMemory или WriteProcessMemory был выполнен только частично. (0x12B)
[1125/201312.453:WARNING:pe_image_reader.cc(340)] could not read dos header from C:\WINDOWS\System32\profapi.dll
[1125/201312.453:ERROR:process_memory_win.cc(73)] ReadMemory at 0x7ff920150000 of 64 bytes failed: Запрос ReadProcessMemory или WriteProcessMemory был выполнен только частично. (0x12B)
[1125/201312.453:WARNING:pe_image_reader.cc(340)] could not read dos header from C:\WINDOWS\SYSTEM32\DWrite.dll
[1125/201312.454:ERROR:process_memory_win.cc(73)] ReadMemory at 0x7ff924c70000 of 64 bytes failed: Запрос ReadProcessMemory или WriteProcessMemory был выполнен только частично. (0x12B)
[1125/201312.454:WARNING:pe_image_reader.cc(340)] could not read dos header from C:\WINDOWS\SYSTEM32\WINSPOOL.DRV
[1125/201312.454:ERROR:process_memory_win.cc(73)] ReadMemory at 0x7ff935c80000 of 64 bytes failed: Запрос ReadProcessMemory или WriteProcessMemory был выполнен только частично. (0x12B)
[1125/201312.454:WARNING:pe_image_reader.cc(340)] could not read dos header from C:\WINDOWS\System32\kernel.appcore.dll
[1125/201312.454:ERROR:process_memory_win.cc(73)] ReadMemory at 0x7ff936670000 of 64 bytes failed: Запрос ReadProcessMemory или WriteProcessMemory был выполнен только частично. (0x12B)
[1125/201312.454:WARNING:pe_image_reader.cc(340)] could not read dos header from C:\WINDOWS\System32\bcrypt.dll
[1125/201312.454:ERROR:process_memory_win.cc(73)] ReadMemory at 0x7ff9299b0000 of 64 bytes failed: Запрос ReadProcessMemory или WriteProcessMemory был выполнен только частично. (0x12B)
[1125/201312.454:WARNING:pe_image_reader.cc(340)] could not read dos header from C:\WINDOWS\SYSTEM32\dbghelp.dll
[1125/201312.454:ERROR:process_memory_win.cc(73)] ReadMemory at 0x7ff929c60000 of 64 bytes failed: Запрос ReadProcessMemory или WriteProcessMemory был выполнен только частично. (0x12B)
[1125/201312.454:WARNING:pe_image_reader.cc(340)] could not read dos header from C:\WINDOWS\SYSTEM32\Secur32.dll
[1125/201312.454:ERROR:process_memory_win.cc(73)] ReadMemory at 0x7ff92fac0000 of 64 bytes failed: Запрос ReadProcessMemory или WriteProcessMemory был выполнен только частично. (0x12B)
[1125/201312.454:WARNING:pe_image_reader.cc(340)] could not read dos header from C:\WINDOWS\SYSTEM32\WINHTTP.dll
[1125/201312.454:ERROR:process_memory_win.cc(73)] ReadMemory at 0x7ff930860000 of 64 bytes failed: Запрос ReadProcessMemory или WriteProcessMemory был выполнен только частично. (0x12B)
[1125/201312.454:WARNING:pe_image_reader.cc(340)] could not read dos header from C:\WINDOWS\SYSTEM32\dhcpcsvc.DLL
[1125/201312.454:ERROR:process_memory_win.cc(73)] ReadMemory at 0x7ff9372a0000 of 64 bytes failed: Запрос ReadProcessMemory или WriteProcessMemory был выполнен только частично. (0x12B)
[1125/201312.454:WARNING:pe_image_reader.cc(340)] could not read dos header from C:\WINDOWS\System32\NSI.dll
[1125/201312.454:ERROR:process_memory_win.cc(73)] ReadMemory at 0x7ff925710000 of 64 bytes failed: Запрос ReadProcessMemory или WriteProcessMemory был выполнен только частично. (0x12B)
[1125/201312.454:WARNING:pe_image_reader.cc(340)] could not read dos header from C:\WINDOWS\SYSTEM32\WINMMBASE.dll
[1125/201312.454:ERROR:process_memory_win.cc(73)] ReadMemory at 0x7ff936d40000 of 64 bytes failed: Запрос ReadProcessMemory или WriteProcessMemory был выполнен только частично. (0x12B)
[1125/201312.454:WARNING:pe_image_reader.cc(340)] could not read dos header from C:\WINDOWS\System32\cfgmgr32.dll
[1125/201312.454:ERROR:process_memory_win.cc(73)] ReadMemory at 0x7ff92ff30000 of 64 bytes failed: Запрос ReadProcessMemory или WriteProcessMemory был выполнен только частично. (0x12B)
[1125/201312.454:WARNING:pe_image_reader.cc(340)] could not read dos header from C:\WINDOWS\SYSTEM32\PROPSYS.dll
[1125/201312.454:ERROR:process_memory_win.cc(73)] ReadMemory at 0x22c11c10000 of 64 bytes failed: Запрос ReadProcessMemory или WriteProcessMemory был выполнен только частично. (0x12B)
[1125/201312.454:WARNING:pe_image_reader.cc(340)] could not read dos header from C:\WINDOWS\System32\shcore.dll
[1125/201312.454:ERROR:process_memory_win.cc(73)] ReadMemory at 0x7ff935b60000 of 64 bytes failed: Запрос ReadProcessMemory или WriteProcessMemory был выполнен только частично. (0x12B)
[1125/201312.454:WARNING:pe_image_reader.cc(340)] could not read dos header from C:\WINDOWS\SYSTEM32\SSPICLI.DLL
[1125/201312.454:ERROR:process_memory_win.cc(73)] ReadMemory at 0x7ff935650000 of 64 bytes failed: Запрос ReadProcessMemory или WriteProcessMemory был выполнен только частично. (0x12B)
[1125/201312.454:WARNING:pe_image_reader.cc(340)] could not read dos header from C:\WINDOWS\SYSTEM32\CRYPTBASE.DLL
[1125/201312.454:ERROR:process_memory_win.cc(73)] ReadMemory at 0x7ff633a80000 of 64 bytes failed: Запрос ReadProcessMemory или WriteProcessMemory был выполнен только частично. (0x12B)
[1125/201312.454:WARNING:pe_image_reader.cc(340)] could not read dos header from C:\Program Files (x86)\Google\Chrome\Application\chrome.exe
[1125/201312.454:ERROR:process_memory_win.cc(73)] ReadMemory at 0x7ff938da0000 of 64 bytes failed: Запрос ReadProcessMemory или WriteProcessMemory был выполнен только частично. (0x12B)
[1125/201312.454:WARNING:pe_image_reader.cc(340)] could not read dos header from C:\WINDOWS\SYSTEM32\ntdll.dll
[1125/201312.454:ERROR:process_memory_win.cc(73)] ReadMemory at 0x7ff938310000 of 64 bytes failed: Запрос ReadProcessMemory или WriteProcessMemory был выполнен только частично. (0x12B)
[1125/201312.454:WARNING:pe_image_reader.cc(340)] could not read dos header from C:\WINDOWS\System32\KERNEL32.DLL
[1125/201312.454:ERROR:process_memory_win.cc(73)] ReadMemory at 0x7ff936a90000 of 64 bytes failed: Запрос ReadProcessMemory или WriteProcessMemory был выполнен только частично. (0x12B)
[1125/201312.454:WARNING:pe_image_reader.cc(340)] could not read dos header from C:\WINDOWS\System32\KERNELBASE.dll
[1125/201312.454:ERROR:process_memory_win.cc(73)] ReadMemory at 0x7ff9185d0000 of 64 bytes failed: Запрос ReadProcessMemory или WriteProcessMemory был выполнен только частично. (0x12B)
[1125/201312.454:WARNING:pe_image_reader.cc(340)] could not read dos header from C:\Program Files (x86)\Google\Chrome\Application\78.0.3904.108\chrome_elf.dll
[1125/201312.454:ERROR:process_memory_win.cc(73)] ReadMemory at 0x7ff9318f0000 of 64 bytes failed: Запрос ReadProcessMemory или WriteProcessMemory был выполнен только частично. (0x12B)
[1125/201312.454:WARNING:pe_image_reader.cc(340)] could not read dos header from C:\WINDOWS\SYSTEM32\VERSION.dll
[1125/201312.454:ERROR:process_memory_win.cc(73)] ReadMemory at 0x7ff937e60000 of 64 bytes failed: Запрос ReadProcessMemory или WriteProcessMemory был выполнен только частично. (0x12B)
[1125/201312.454:WARNING:pe_image_reader.cc(340)] could not read dos header from C:\WINDOWS\System32\msvcrt.dll
[1125/201312.454:ERROR:process_memory_win.cc(73)] ReadMemory at 0x7ff935d30000 of 64 bytes failed: Запрос ReadProcessMemory или WriteProcessMemory был выполнен только частично. (0x12B)
[1125/201312.454:WARNING:pe_image_reader.cc(340)] could not read dos header from C:\WINDOWS\System32\bcryptPrimitives.dll
[1125/201312.454:ERROR:process_memory_win.cc(73)] ReadMemory at 0x7ff937f10000 of 64 bytes failed: Запрос ReadProcessMemory или WriteProcessMemory был выполнен только частично. (0x12B)
[1125/201312.454:WARNING:pe_image_reader.cc(340)] could not read dos header from C:\WINDOWS\System32\ADVAPI32.dll
[1125/201312.455:ERROR:process_memory_win.cc(73)] ReadMemory at 0x7ff937390000 of 64 bytes failed: Запрос ReadProcessMemory или WriteProcessMemory был выполнен только частично. (0x12B)
[1125/201312.455:WARNING:pe_image_reader.cc(340)] could not read dos header from C:\WINDOWS\System32\sechost.dll
[1125/201312.455:ERROR:process_memory_win.cc(73)] ReadMemory at 0x7ff937c10000 of 64 bytes failed: Запрос ReadProcessMemory или WriteProcessMemory был выполнен только частично. (0x12B)
[1125/201312.455:WARNING:pe_image_reader.cc(340)] could not read dos header from C:\WINDOWS\System32\RPCRT4.dll
[1125/201312.455:ERROR:process_memory_win.cc(73)] ReadMemory at 0x7ff8f1640000 of 64 bytes failed: Запрос ReadProcessMemory или WriteProcessMemory был выполнен только частично. (0x12B)
[1125/201312.455:WARNING:pe_image_reader.cc(340)] could not read dos header from C:\Program Files (x86)\Google\Chrome\Application\78.0.3904.108\chrome_child.dll
[1125/201312.455:ERROR:process_memory_win.cc(73)] ReadMemory at 0x7ff938820000 of 64 bytes failed: Запрос ReadProcessMemory или WriteProcessMemory был выполнен только частично. (0x12B)
[1125/201312.455:WARNING:pe_image_reader.cc(340)] could not read dos header from C:\WINDOWS\System32\OLEAUT32.dll
[1125/201312.455:ERROR:process_memory_win.cc(73)] ReadMemory at 0x7ff936d90000 of 64 bytes failed: Запрос ReadProcessMemory или WriteProcessMemory был выполнен только частично. (0x12B)
[1125/201312.455:WARNING:pe_image_reader.cc(340)] could not read dos header from C:\WINDOWS\System32\msvcp_win.dll
[1125/201312.455:ERROR:process_memory_win.cc(73)] ReadMemory at 0x7ff936840000 of 64 bytes failed: Запрос ReadProcessMemory или WriteProcessMemory был выполнен только частично. (0x12B)
[1125/201312.455:WARNING:pe_image_reader.cc(340)] could not read dos header from C:\WINDOWS\System32\ucrtbase.dll
[1125/201312.455:ERROR:process_memory_win.cc(73)] ReadMemory at 0x7ff937fc0000 of 64 bytes failed: Запрос ReadProcessMemory или WriteProcessMemory был выполнен только частично. (0x12B)
[1125/201312.455:WARNING:pe_image_reader.cc(340)] could not read dos header from C:\WINDOWS\System32\combase.dll
[1125/201312.455:ERROR:process_memory_win.cc(73)] ReadMemory at 0x7ff937ba0000 of 64 bytes failed: Запрос ReadProcessMemory или WriteProcessMemory был выполнен только частично. (0x12B)
[1125/201312.455:WARNING:pe_image_reader.cc(340)] could not read dos header from C:\WINDOWS\System32\WS2_32.dll
[1125/201312.455:ERROR:process_memory_win.cc(73)] ReadMemory at 0x7ff936610000 of 64 bytes failed: Запрос ReadProcessMemory или WriteProcessMemory был выполнен только частично. (0x12B)
[1125/201312.455:WARNING:pe_image_reader.cc(340)] could not read dos header from C:\WINDOWS\System32\WINTRUST.dll
[1125/201312.455:ERROR:process_memory_win.cc(73)] ReadMemory at 0x7ff935ca0000 of 64 bytes failed: Запрос ReadProcessMemory или WriteProcessMemory был выполнен только частично. (0x12B)
[1125/201312.455:WARNING:pe_image_reader.cc(340)] could not read dos header from C:\WINDOWS\System32\MSASN1.dll
[1125/201312.455:ERROR:process_memory_win.cc(73)] ReadMemory at 0x7ff936940000 of 64 bytes failed: Запрос ReadProcessMemory или WriteProcessMemory был выполнен только частично. (0x12B)
[1125/201312.455:WARNING:pe_image_reader.cc(340)] could not read dos header from C:\WINDOWS\System32\CRYPT32.dll
[1125/201312.455:ERROR:process_memory_win.cc(73)] ReadMemory at 0x7ff935190000 of 64 bytes failed: Запрос ReadProcessMemory или WriteProcessMemory был выполнен только частично. (0x12B)
[1125/201312.455:WARNING:pe_image_reader.cc(340)] could not read dos header from C:\WINDOWS\SYSTEM32\IPHLPAPI.DLL
[1125/201312.455:ERROR:process_memory_win.cc(73)] ReadMemory at 0x7ff925740000 of 64 bytes failed: Запрос ReadProcessMemory или WriteProcessMemory был выполнен только частично. (0x12B)
[1125/201312.455:WARNING:pe_image_reader.cc(340)] could not read dos header from C:\WINDOWS\SYSTEM32\WINMM.dll
[1125/201312.455:ERROR:process_memory_win.cc(73)] ReadMemory at 0x7ff935b90000 of 64 bytes failed: Запрос ReadProcessMemory или WriteProcessMemory был выполнен только частично. (0x12B)
[1125/201312.455:WARNING:pe_image_reader.cc(340)] could not read dos header from C:\WINDOWS\SYSTEM32\USERENV.dll
[1125/201312.455:ERROR:process_memory_win.cc(73)] ReadMemory at 0x7ff935cc0000 of 64 bytes failed: Запрос ReadProcessMemory или WriteProcessMemory был выполнен только частично. (0x12B)
[1125/201312.455:WARNING:pe_image_reader.cc(340)] could not read dos header from C:\WINDOWS\System32\profapi.dll
[1125/201312.455:ERROR:process_memory_win.cc(73)] ReadMemory at 0x7ff920150000 of 64 bytes failed: Запрос ReadProcessMemory или WriteProcessMemory был выполнен только частично. (0x12B)
[1125/201312.455:WARNING:pe_image_reader.cc(340)] could not read dos header from C:\WINDOWS\SYSTEM32\DWrite.dll
[1125/201312.455:ERROR:process_memory_win.cc(73)] ReadMemory at 0x7ff924c70000 of 64 bytes failed: Запрос ReadProcessMemory или WriteProcessMemory был выполнен только частично. (0x12B)
[1125/201312.455:WARNING:pe_image_reader.cc(340)] could not read dos header from C:\WINDOWS\SYSTEM32\WINSPOOL.DRV
[1125/201312.455:ERROR:process_memory_win.cc(73)] ReadMemory at 0x7ff935c80000 of 64 bytes failed: Запрос ReadProcessMemory или WriteProcessMemory был выполнен только частично. (0x12B)
[1125/201312.456:WARNING:pe_image_reader.cc(340)] could not read dos header from C:\WINDOWS\System32\kernel.appcore.dll
[1125/201312.456:ERROR:process_memory_win.cc(73)] ReadMemory at 0x7ff936670000 of 64 bytes failed: Запрос ReadProcessMemory или WriteProcessMemory был выполнен только частично. (0x12B)
[1125/201312.456:WARNING:pe_image_reader.cc(340)] could not read dos header from C:\WINDOWS\System32\bcrypt.dll
[1125/201312.456:ERROR:process_memory_win.cc(73)] ReadMemory at 0x7ff9299b0000 of 64 bytes failed: Запрос ReadProcessMemory или WriteProcessMemory был выполнен только частично. (0x12B)
[1125/201312.456:WARNING:pe_image_reader.cc(340)] could not read dos header from C:\WINDOWS\SYSTEM32\dbghelp.dll
[1125/201312.456:ERROR:process_memory_win.cc(73)] ReadMemory at 0x7ff929c60000 of 64 bytes failed: Запрос ReadProcessMemory или WriteProcessMemory был выполнен только частично. (0x12B)
[1125/201312.456:WARNING:pe_image_reader.cc(340)] could not read dos header from C:\WINDOWS\SYSTEM32\Secur32.dll
[1125/201312.456:ERROR:process_memory_win.cc(73)] ReadMemory at 0x7ff92fac0000 of 64 bytes failed: Запрос ReadProcessMemory или WriteProcessMemory был выполнен только частично. (0x12B)
[1125/201312.456:WARNING:pe_image_reader.cc(340)] could not read dos header from C:\WINDOWS\SYSTEM32\WINHTTP.dll
[1125/201312.456:ERROR:process_memory_win.cc(73)] ReadMemory at 0x7ff930860000 of 64 bytes failed: Запрос ReadProcessMemory или WriteProcessMemory был выполнен только частично. (0x12B)
[1125/201312.456:WARNING:pe_image_reader.cc(340)] could not read dos header from C:\WINDOWS\SYSTEM32\dhcpcsvc.DLL
[1125/201312.456:ERROR:process_memory_win.cc(73)] ReadMemory at 0x7ff9372a0000 of 64 bytes failed: Запрос ReadProcessMemory или WriteProcessMemory был выполнен только частично. (0x12B)
[1125/201312.456:WARNING:pe_image_reader.cc(340)] could not read dos header from C:\WINDOWS\System32\NSI.dll
[1125/201312.456:ERROR:process_memory_win.cc(73)] ReadMemory at 0x7ff925710000 of 64 bytes failed: Запрос ReadProcessMemory или WriteProcessMemory был выполнен только частично. (0x12B)
[1125/201312.456:WARNING:pe_image_reader.cc(340)] could not read dos header from C:\WINDOWS\SYSTEM32\WINMMBASE.dll
[1125/201312.456:ERROR:process_memory_win.cc(73)] ReadMemory at 0x7ff936d40000 of 64 bytes failed: Запрос ReadProcessMemory или WriteProcessMemory был выполнен только частично. (0x12B)
[1125/201312.456:WARNING:pe_image_reader.cc(340)] could not read dos header from C:\WINDOWS\System32\cfgmgr32.dll
[1125/201312.456:ERROR:process_memory_win.cc(73)] ReadMemory at 0x7ff92ff30000 of 64 bytes failed: Запрос ReadProcessMemory или WriteProcessMemory был выполнен только частично. (0x12B)
[1125/201312.456:WARNING:pe_image_reader.cc(340)] could not read dos header from C:\WINDOWS\SYSTEM32\PROPSYS.dll
[1125/201312.456:ERROR:process_memory_win.cc(73)] ReadMemory at 0x22c11c10000 of 64 bytes failed: Запрос ReadProcessMemory или WriteProcessMemory был выполнен только частично. (0x12B)
[1125/201312.456:WARNING:pe_image_reader.cc(340)] could not read dos header from C:\WINDOWS\System32\shcore.dll
[1125/201312.456:ERROR:process_memory_win.cc(73)] ReadMemory at 0x7ff935b60000 of 64 bytes failed: Запрос ReadProcessMemory или WriteProcessMemory был выполнен только частично. (0x12B)
[1125/201312.456:WARNING:pe_image_reader.cc(340)] could not read dos header from C:\WINDOWS\SYSTEM32\SSPICLI.DLL
[1125/201312.456:ERROR:process_memory_win.cc(73)] ReadMemory at 0x7ff935650000 of 64 bytes failed: Запрос ReadProcessMemory или WriteProcessMemory был выполнен только частично. (0x12B)
[1125/201312.456:WARNING:pe_image_reader.cc(340)] could not read dos header from C:\WINDOWS\SYSTEM32\CRYPTBASE.DLL
[1125/201312.466:ERROR:process_memory_win.cc(73)] ReadMemory at 0xd2309e8000 of 98304 bytes failed: Запрос ReadProcessMemory или WriteProcessMemory был выполнен только частично. (0x12B)
[1125/201312.466:ERROR:process_memory_win.cc(73)] ReadMemory at 0xd2311fd000 of 12288 bytes failed: Запрос ReadProcessMemory или WriteProcessMemory был выполнен только частично. (0x12B)
[1125/201312.466:ERROR:process_memory_win.cc(73)] ReadMemory at 0xd2321fc000 of 16384 bytes failed: Запрос ReadProcessMemory или WriteProcessMemory был выполнен только частично. (0x12B)
[1125/201312.466:ERROR:process_memory_win.cc(73)] ReadMemory at 0xd2329fb000 of 20480 bytes failed: Запрос ReadProcessMemory или WriteProcessMemory был выполнен только частично. (0x12B)
[1125/201312.466:ERROR:process_memory_win.cc(73)] ReadMemory at 0xd2331ff000 of 4096 bytes failed: Запрос ReadProcessMemory или WriteProcessMemory был выполнен только частично. (0x12B)
[1125/201312.466:ERROR:process_memory_win.cc(73)] ReadMemory at 0xd2339fd000 of 12288 bytes failed: Запрос ReadProcessMemory или WriteProcessMemory был выполнен только частично. (0x12B)
[1125/201312.466:ERROR:process_memory_win.cc(73)] ReadMemory at 0xd2341fb000 of 20480 bytes failed: Запрос ReadProcessMemory или WriteProcessMemory был выполнен только частично. (0x12B)
[1125/201312.466:ERROR:process_memory_win.cc(73)] ReadMemory at 0xd2351fa000 of 24576 bytes failed: Запрос ReadProcessMemory или WriteProcessMemory был выполнен только частично. (0x12B)
[1125/201312.467:ERROR:process_memory_win.cc(73)] ReadMemory at 0xd2359fa000 of 24576 bytes failed: Запрос ReadProcessMemory или WriteProcessMemory был выполнен только частично. (0x12B)
[1125/201312.467:ERROR:process_memory_win.cc(73)] ReadMemory at 0xd2361fd000 of 12288 bytes failed: Запрос ReadProcessMemory или WriteProcessMemory был выполнен только частично. (0x12B)
[1125/201312.467:ERROR:process_memory_win.cc(73)] ReadMemory at 0xd2349fc000 of 16384 bytes failed: Запрос ReadProcessMemory или WriteProcessMemory был выполнен только частично. (0x12B)
[1125/201312.467:ERROR:process_memory_win.cc(73)] ReadMemory at 0xd2319fc000 of 16384 bytes failed: Запрос ReadProcessMemory или WriteProcessMemory был выполнен только частично. (0x12B)
[1125/201312.467:ERROR:process_memory_win.cc(73)] ReadMemory at 0xd2369fc000 of 16384 bytes failed: Запрос ReadProcessMemory или WriteProcessMemory был выполнен только частично. (0x12B)
[1125/201312.467:ERROR:process_memory_win.cc(73)] ReadMemory at 0xd230031000 of 852 bytes failed: Запрос ReadProcessMemory или WriteProcessMemory был выполнен только частично. (0x12B)
[1125/201312.467:ERROR:process_memory_win.cc(73)] ReadMemory at 0xd230032000 of 6024 bytes failed: Запрос ReadProcessMemory или WriteProcessMemory был выполнен только частично. (0x12B)
[1125/201312.467:ERROR:process_memory_win.cc(73)] ReadMemory at 0xd230034000 of 6024 bytes failed: Запрос ReadProcessMemory или WriteProcessMemory был выполнен только частично. (0x12B)
[1125/201312.467:ERROR:process_memory_win.cc(73)] ReadMemory at 0xd230038000 of 6024 bytes failed: Запрос ReadProcessMemory или WriteProcessMemory был выполнен только частично. (0x12B)
[1125/201312.467:ERROR:process_memory_win.cc(73)] ReadMemory at 0xd23003a000 of 6024 bytes failed: Запрос ReadProcessMemory или WriteProcessMemory был выполнен только частично. (0x12B)
[1125/201312.467:ERROR:process_memory_win.cc(73)] ReadMemory at 0xd23003c000 of 6024 bytes failed: Запрос ReadProcessMemory или WriteProcessMemory был выполнен только частично. (0x12B)
[1125/201312.467:ERROR:process_memory_win.cc(73)] ReadMemory at 0xd23003e000 of 6024 bytes failed: Запрос ReadProcessMemory или WriteProcessMemory был выполнен только частично. (0x12B)
[1125/201312.468:ERROR:process_memory_win.cc(73)] ReadMemory at 0xd230040000 of 6024 bytes failed: Запрос ReadProcessMemory или WriteProcessMemory был выполнен только частично. (0x12B)
[1125/201312.468:ERROR:process_memory_win.cc(73)] ReadMemory at 0xd230044000 of 6024 bytes failed: Запрос ReadProcessMemory или WriteProcessMemory был выполнен только частично. (0x12B)
[1125/201312.468:ERROR:process_memory_win.cc(73)] ReadMemory at 0xd230046000 of 6024 bytes failed: Запрос ReadProcessMemory или WriteProcessMemory был выполнен только частично. (0x12B)
[1125/201312.468:ERROR:process_memory_win.cc(73)] ReadMemory at 0xd230048000 of 6024 bytes failed: Запрос ReadProcessMemory или WriteProcessMemory был выполнен только частично. (0x12B)
[1125/201312.468:ERROR:process_memory_win.cc(73)] ReadMemory at 0xd2300b6000 of 6024 bytes failed: Запрос ReadProcessMemory или WriteProcessMemory был выполнен только частично. (0x12B)
[1125/201312.468:ERROR:process_memory_win.cc(73)] ReadMemory at 0xd2300bc000 of 6024 bytes failed: Запрос ReadProcessMemory или WriteProcessMemory был выполнен только частично. (0x12B)
[1125/201312.468:ERROR:process_memory_win.cc(73)] ReadMemory at 0xd2300c2000 of 6024 bytes failed: Запрос ReadProcessMemory или WriteProcessMemory был выполнен только частично. (0x12B)
[1125/201312.468:ERROR:process_memory_win.cc(73)] ReadMemory at 0x22c119b0fe0 of 14644 bytes failed: Запрос ReadProcessMemory или WriteProcessMemory был выполнен только частично. (0x12B)
[1125/201312.468:ERROR:process_memory_win.cc(73)] ReadMemory at 0x22c119b4920 of 1012 bytes failed: Запрос ReadProcessMemory или WriteProcessMemory был выполнен только частично. (0x12B)
[1125/201312.468:ERROR:process_memory_win.cc(73)] ReadMemory at 0x22c119b4f68 of 118 bytes failed: Запрос ReadProcessMemory или WriteProcessMemory был выполнен только частично. (0x12B)
[1125/201312.468:ERROR:process_memory_win.cc(73)] ReadMemory at 0x22c119b4fe0 of 984 bytes failed: Запрос ReadProcessMemory или WriteProcessMemory был выполнен только частично. (0x12B)
[1125/201312.468:ERROR:process_memory_win.cc(73)] ReadMemory at 0x22c119b53ba of 118 bytes failed: Запрос ReadProcessMemory или WriteProcessMemory был выполнен только частично. (0x12B)
[1125/201312.468:ERROR:process_memory_win.cc(73)] ReadMemory at 0x22c119b5432 of 100 bytes failed: Запрос ReadProcessMemory или WriteProcessMemory был выполнен только частично. (0x12B)
[1125/201312.468:ERROR:process_memory_win.cc(73)] ReadMemory at 0x22c119b54b0 of 58 bytes failed: Запрос ReadProcessMemory или WriteProcessMemory был выполнен только частично. (0x12B)
[1125/201312.468:ERROR:process_memory_win.cc(73)] ReadMemory at 0x22c119b55b0 of 132 bytes failed: Запрос ReadProcessMemory или WriteProcessMemory был выполнен только частично. (0x12B)
[1125/201312.468:ERROR:process_memory_win.cc(73)] ReadMemory at 0x22c119b5740 of 132 bytes failed: Запрос ReadProcessMemory или WriteProcessMemory был выполнен только частично. (0x12B)
[1125/201312.468:ERROR:process_memory_win.cc(73)] ReadMemory at 0x22c119b5900 of 126 bytes failed: Запрос ReadProcessMemory или WriteProcessMemory был выполнен только частично. (0x12B)
[1125/201312.468:ERROR:process_memory_win.cc(73)] ReadMemory at 0x22c119b5ce0 of 132 bytes failed: Запрос ReadProcessMemory или WriteProcessMemory был выполнен только частично. (0x12B)
[1125/201312.468:ERROR:process_memory_win.cc(73)] ReadMemory at 0x22c119b5e70 of 64 bytes failed: Запрос ReadProcessMemory или WriteProcessMemory был выполнен только частично. (0x12B)
[1125/201312.469:ERROR:process_memory_win.cc(73)] ReadMemory at 0x22c119b5ec0 of 132 bytes failed: Запрос ReadProcessMemory или WriteProcessMemory был выполнен только частично. (0x12B)
[1125/201312.469:ERROR:process_memory_win.cc(73)] ReadMemory at 0x22c119b6030 of 132 bytes failed: Запрос ReadProcessMemory или WriteProcessMemory был выполнен только частично. (0x12B)
[1125/201312.469:ERROR:process_memory_win.cc(73)] ReadMemory at 0x22c119b62d0 of 132 bytes failed: Запрос ReadProcessMemory или WriteProcessMemory был выполнен только частично. (0x12B)
[1125/201312.469:ERROR:process_memory_win.cc(73)] ReadMemory at 0x22c119b6460 of 68 bytes failed: Запрос ReadProcessMemory или WriteProcessMemory был выполнен только частично. (0x12B)
[1125/201312.469:ERROR:process_memory_win.cc(73)] ReadMemory at 0x22c119b75a0 of 132 bytes failed: Запрос ReadProcessMemory или WriteProcessMemory был выполнен только частично. (0x12B)
[1125/201312.469:ERROR:process_memory_win.cc(73)] ReadMemory at 0x22c119b7730 of 154 bytes failed: Запрос ReadProcessMemory или WriteProcessMemory был выполнен только частично. (0x12B)
[1125/201312.469:ERROR:process_memory_win.cc(73)] ReadMemory at 0x22c119b833c of 512 bytes failed: Запрос ReadProcessMemory или WriteProcessMemory был выполнен только частично. (0x12B)
[1125/201312.469:ERROR:process_memory_win.cc(73)] ReadMemory at 0x22c119b89d0 of 132 bytes failed: Запрос ReadProcessMemory или WriteProcessMemory был выполнен только частично. (0x12B)
[1125/201312.469:ERROR:process_memory_win.cc(73)] ReadMemory at 0x22c119b98e0 of 62 bytes failed: Запрос ReadProcessMemory или WriteProcessMemory был выполнен только частично. (0x12B)
[1125/201312.469:ERROR:process_memory_win.cc(73)] ReadMemory at 0x22c119b9960 of 158 bytes failed: Запрос ReadProcessMemory или WriteProcessMemory был выполнен только частично. (0x12B)
[1125/201312.469:ERROR:process_memory_win.cc(73)] ReadMemory at 0x22c119b9a40 of 132 bytes failed: Запрос ReadProcessMemory или WriteProcessMemory был выполнен только частично. (0x12B)
[1125/201312.469:ERROR:process_memory_win.cc(73)] ReadMemory at 0x22c119b9bd0 of 60 bytes failed: Запрос ReadProcessMemory или WriteProcessMemory был выполнен только частично. (0x12B)
[1125/201312.469:ERROR:process_memory_win.cc(73)] ReadMemory at 0x22c119bc6d0 of 132 bytes failed: Запрос ReadProcessMemory или WriteProcessMemory был выполнен только частично. (0x12B)
[1125/201312.469:ERROR:process_memory_win.cc(73)] ReadMemory at 0x22c119bc8e0 of 62 bytes failed: Запрос ReadProcessMemory или WriteProcessMemory был выполнен только частично. (0x12B)
[1125/201312.469:ERROR:process_memory_win.cc(73)] ReadMemory at 0x22c119bc930 of 62 bytes failed: Запрос ReadProcessMemory или WriteProcessMemory был выполнен только частично. (0x12B)
[1125/201312.469:ERROR:process_memory_win.cc(73)] ReadMemory at 0x22c119bca20 of 60 bytes failed: Запрос ReadProcessMemory или WriteProcessMemory был выполнен только частично. (0x12B)
[1125/201312.469:ERROR:process_memory_win.cc(73)] ReadMemory at 0x22c119bcac0 of 64 bytes failed: Запрос ReadProcessMemory или WriteProcessMemory был выполнен только частично. (0x12B)
[1125/201312.469:ERROR:process_memory_win.cc(73)] ReadMemory at 0x22c119bcb10 of 60 bytes failed: Запрос ReadProcessMemory или WriteProcessMemory был выполнен только частично. (0x12B)
[1125/201312.469:ERROR:process_memory_win.cc(73)] ReadMemory at 0x22c119bcc50 of 64 bytes failed: Запрос ReadProcessMemory или WriteProcessMemory был выполнен только частично. (0x12B)
[1125/201312.469:ERROR:process_memory_win.cc(73)] ReadMemory at 0x22c119bcca0 of 64 bytes failed: Запрос ReadProcessMemory или WriteProcessMemory был выполнен только частично. (0x12B)
[1125/201312.469:ERROR:process_memory_win.cc(73)] ReadMemory at 0x22c119bced0 of 64 bytes failed: Запрос ReadProcessMemory или WriteProcessMemory был выполнен только частично. (0x12B)
[1125/201312.469:ERROR:process_memory_win.cc(73)] ReadMemory at 0x22c119bcfc0 of 66 bytes failed: Запрос ReadProcessMemory или WriteProcessMemory был выполнен только частично. (0x12B)
[1125/201312.469:ERROR:process_memory_win.cc(73)] ReadMemory at 0x22c119bd450 of 132 bytes failed: Запрос ReadProcessMemory или WriteProcessMemory был выполнен только частично. (0x12B)
[1125/201312.470:ERROR:process_memory_win.cc(73)] ReadMemory at 0x22c119bd620 of 132 bytes failed: Запрос ReadProcessMemory или WriteProcessMemory был выполнен только частично. (0x12B)
[1125/201312.470:ERROR:process_memory_win.cc(73)] ReadMemory at 0x22c119bd7b0 of 80 bytes failed: Запрос ReadProcessMemory или WriteProcessMemory был выполнен только частично. (0x12B)
[1125/201312.470:ERROR:process_memory_win.cc(73)] ReadMemory at 0x22c119bdb60 of 76 bytes failed: Запрос ReadProcessMemory или WriteProcessMemory был выполнен только частично. (0x12B)
[1125/201312.470:ERROR:process_memory_win.cc(73)] ReadMemory at 0x22c119be8c0 of 60 bytes failed: Запрос ReadProcessMemory или WriteProcessMemory был выполнен только частично. (0x12B)
[1125/201312.470:ERROR:process_memory_win.cc(73)] ReadMemory at 0x22c119beb40 of 62 bytes failed: Запрос ReadProcessMemory или WriteProcessMemory был выполнен только частично. (0x12B)
[1125/201312.470:ERROR:process_memory_win.cc(73)] ReadMemory at 0x22c119beb90 of 62 bytes failed: Запрос ReadProcessMemory или WriteProcessMemory был выполнен только частично. (0x12B)
[1125/201312.470:ERROR:process_memory_win.cc(73)] ReadMemory at 0x22c119bec30 of 62 bytes failed: Запрос ReadProcessMemory или WriteProcessMemory был выполнен только частично. (0x12B)
[1125/201312.470:ERROR:process_memory_win.cc(73)] ReadMemory at 0x22c119becd0 of 60 bytes failed: Запрос ReadProcessMemory или WriteProcessMemory был выполнен только частично. (0x12B)
[1125/201312.470:ERROR:process_memory_win.cc(73)] ReadMemory at 0x22c119bed20 of 62 bytes failed: Запрос ReadProcessMemory или WriteProcessMemory был выполнен только частично. (0x12B)
[1125/201312.470:ERROR:process_memory_win.cc(73)] ReadMemory at 0x22c119bed70 of 64 bytes failed: Запрос ReadProcessMemory или WriteProcessMemory был выполнен только частично. (0x12B)
[1125/201312.470:ERROR:process_memory_win.cc(73)] ReadMemory at 0x22c119bedc0 of 62 bytes failed: Запрос ReadProcessMemory или WriteProcessMemory был выполнен только частично. (0x12B)
[1125/201312.470:ERROR:process_memory_win.cc(73)] ReadMemory at 0x22c119bee60 of 62 bytes failed: Запрос ReadProcessMemory или WriteProcessMemory был выполнен только частично. (0x12B)
[1125/201312.470:ERROR:process_memory_win.cc(73)] ReadMemory at 0x22c119bef00 of 66 bytes failed: Запрос ReadProcessMemory или WriteProcessMemory был выполнен только частично. (0x12B)
[1125/201312.470:ERROR:process_memory_win.cc(73)] ReadMemory at 0x22c119befa0 of 62 bytes failed: Запрос ReadProcessMemory или WriteProcessMemory был выполнен только частично. (0x12B)
[1125/201312.470:ERROR:process_memory_win.cc(73)] ReadMemory at 0x22c119beff0 of 62 bytes failed: Запрос ReadProcessMemory или WriteProcessMemory был выполнен только частично. (0x12B)
[1125/201312.470:ERROR:process_memory_win.cc(73)] ReadMemory at 0x22c119bf220 of 64 bytes failed: Запрос ReadProcessMemory или WriteProcessMemory был выполнен только частично. (0x12B)
[1125/201312.470:ERROR:process_memory_win.cc(73)] ReadMemory at 0x22c119bf310 of 60 bytes failed: Запрос ReadProcessMemory или WriteProcessMemory был выполнен только частично. (0x12B)
[1125/201312.470:ERROR:process_memory_win.cc(73)] ReadMemory at 0x22c119bf450 of 64 bytes failed: Запрос ReadProcessMemory или WriteProcessMemory был выполнен только частично. (0x12B)
[1125/201312.470:ERROR:process_memory_win.cc(73)] ReadMemory at 0x22c119bf5e0 of 58 bytes failed: Запрос ReadProcessMemory или WriteProcessMemory был выполнен только частично. (0x12B)
[1125/201312.470:ERROR:process_memory_win.cc(73)] ReadMemory at 0x22c119bf680 of 64 bytes failed: Запрос ReadProcessMemory или WriteProcessMemory был выполнен только частично. (0x12B)
[1125/201312.470:ERROR:process_memory_win.cc(73)] ReadMemory at 0x22c119bf770 of 60 bytes failed: Запрос ReadProcessMemory или WriteProcessMemory был выполнен только частично. (0x12B)
[1125/201312.470:ERROR:process_memory_win.cc(73)] ReadMemory at 0x22c119c0d20 of 132 bytes failed: Запрос ReadProcessMemory или WriteProcessMemory был выполнен только частично. (0x12B)
[1125/201312.470:ERROR:process_memory_win.cc(73)] ReadMemory at 0x22c119c2650 of 54 bytes failed: Запрос ReadProcessMemory или WriteProcessMemory был выполнен только частично. (0x12B)
[1125/201312.470:ERROR:process_memory_win.cc(73)] ReadMemory at 0x22c119c3360 of 132 bytes failed: Запрос ReadProcessMemory или WriteProcessMemory был выполнен только частично. (0x12B)
[1125/201312.470:ERROR:process_memory_win.cc(73)] ReadMemory at 0x22c119c6df0 of 132 bytes failed: Запрос ReadProcessMemory или WriteProcessMemory был выполнен только частично. (0x12B)
[1125/201312.471:ERROR:process_memory_win.cc(73)] ReadMemory at 0x22c119c6f20 of 132 bytes failed: Запрос ReadProcessMemory или WriteProcessMemory был выполнен только частично. (0x12B)
[1125/201312.471:ERROR:process_memory_win.cc(73)] ReadMemory at 0x22c119c7200 of 132 bytes failed: Запрос ReadProcessMemory или WriteProcessMemory был выполнен только частично. (0x12B)
[1125/201312.471:ERROR:process_memory_win.cc(73)] ReadMemory at 0x22c119c8e60 of 132 bytes failed: Запрос ReadProcessMemory или WriteProcessMemory был выполнен только частично. (0x12B)
[1125/201312.471:ERROR:process_memory_win.cc(73)] ReadMemory at 0x22c119c8f90 of 132 bytes failed: Запрос ReadProcessMemory или WriteProcessMemory был выполнен только частично. (0x12B)
[1125/201312.471:ERROR:process_memory_win.cc(73)] ReadMemory at 0x22c119c90c0 of 132 bytes failed: Запрос ReadProcessMemory или WriteProcessMemory был выполнен только частично. (0x12B)
[1125/201312.471:ERROR:process_memory_win.cc(73)] ReadMemory at 0x22c119c91f0 of 132 bytes failed: Запрос ReadProcessMemory или WriteProcessMemory был выполнен только частично. (0x12B)
[1125/201312.471:ERROR:process_memory_win.cc(73)] ReadMemory at 0x22c119c9320 of 132 bytes failed: Запрос ReadProcessMemory или WriteProcessMemory был выполнен только частично. (0x12B)
[1125/201312.471:ERROR:process_memory_win.cc(73)] ReadMemory at 0x22c119c9450 of 132 bytes failed: Запрос ReadProcessMemory или WriteProcessMemory был выполнен только частично. (0x12B)
[1125/201312.471:ERROR:process_memory_win.cc(73)] ReadMemory at 0x22c119c9580 of 132 bytes failed: Запрос ReadProcessMemory или WriteProcessMemory был выполнен только частично. (0x12B)
[1125/201312.471:ERROR:process_memory_win.cc(73)] ReadMemory at 0x22c119c96b0 of 132 bytes failed: Запрос ReadProcessMemory или WriteProcessMemory был выполнен только частично. (0x12B)
[1125/201312.471:ERROR:process_memory_win.cc(73)] ReadMemory at 0x22c119c97e0 of 132 bytes failed: Запрос ReadProcessMemory или WriteProcessMemory был выполнен только частично. (0x12B)
[1125/201312.471:ERROR:process_memory_win.cc(73)] ReadMemory at 0x22c119c9910 of 132 bytes failed: Запрос ReadProcessMemory или WriteProcessMemory был выполнен только частично. (0x12B)
[1125/201312.471:ERROR:process_memory_win.cc(73)] ReadMemory at 0x22c119c9a40 of 132 bytes failed: Запрос ReadProcessMemory или WriteProcessMemory был выполнен только частично. (0x12B)
[1125/201312.471:ERROR:process_memory_win.cc(73)] ReadMemory at 0x22c119c9ca0 of 132 bytes failed: Запрос ReadProcessMemory или WriteProcessMemory был выполнен только частично. (0x12B)
[1125/201312.471:ERROR:process_memory_win.cc(73)] ReadMemory at 0x22c119cb060 of 132 bytes failed: Запрос ReadProcessMemory или WriteProcessMemory был выполнен только частично. (0x12B)
[1125/201312.471:ERROR:process_memory_win.cc(73)] ReadMemory at 0x22c119cb650 of 132 bytes failed: Запрос ReadProcessMemory или WriteProcessMemory был выполнен только частично. (0x12B)
[1125/201312.471:ERROR:process_memory_win.cc(73)] ReadMemory at 0x22c119cb780 of 132 bytes failed: Запрос ReadProcessMemory или WriteProcessMemory был выполнен только частично. (0x12B)
[1125/201312.471:ERROR:process_memory_win.cc(73)] ReadMemory at 0x22c119cbb10 of 132 bytes failed: Запрос ReadProcessMemory или WriteProcessMemory был выполнен только частично. (0x12B)
[1125/201312.471:ERROR:process_memory_win.cc(73)] ReadMemory at 0x22c119cbd70 of 132 bytes failed: Запрос ReadProcessMemory или WriteProcessMemory был выполнен только частично. (0x12B)
[1125/201312.471:ERROR:process_memory_win.cc(73)] ReadMemory at 0x22c119cbea0 of 132 bytes failed: Запрос ReadProcessMemory или WriteProcessMemory был выполнен только частично. (0x12B)
[1125/201312.471:ERROR:process_memory_win.cc(73)] ReadMemory at 0x22c119cc100 of 132 bytes failed: Запрос ReadProcessMemory или WriteProcessMemory был выполнен только частично. (0x12B)
[1125/201312.471:ERROR:process_memory_win.cc(73)] ReadMemory at 0x22c119cc230 of 132 bytes failed: Запрос ReadProcessMemory или WriteProcessMemory был выполнен только частично. (0x12B)
[1125/201312.471:ERROR:process_memory_win.cc(73)] ReadMemory at 0x22c119cc490 of 132 bytes failed: Запрос ReadProcessMemory или WriteProcessMemory был выполнен только частично. (0x12B)
[1125/201312.471:ERROR:process_memory_win.cc(73)] ReadMemory at 0x22c119cd1c0 of 512 bytes failed: Запрос ReadProcessMemory или WriteProcessMemory был выполнен только частично. (0x12B)
[1125/201312.472:ERROR:process_memory_win.cc(73)] ReadMemory at 0x22c119e01c0 of 512 bytes failed: Запрос ReadProcessMemory или WriteProcessMemory был выполнен только частично. (0x12B)
[1125/201312.472:ERROR:process_memory_win.cc(73)] ReadMemory at 0x22c11f25920 of 512 bytes failed: Запрос ReadProcessMemory или WriteProcessMemory был выполнен только частично. (0x12B)
[1125/201312.472:ERROR:process_memory_win.cc(73)] ReadMemory at 0x22c11f2fc90 of 512 bytes failed: Запрос ReadProcessMemory или WriteProcessMemory был выполнен только частично. (0x12B)
[1125/201312.472:ERROR:process_memory_win.cc(73)] ReadMemory at 0x22c11f333a0 of 512 bytes failed: Запрос ReadProcessMemory или WriteProcessMemory был выполнен только частично. (0x12B)
[1125/201312.472:ERROR:process_memory_win.cc(73)] ReadMemory at 0x22c11f48100 of 712 bytes failed: Запрос ReadProcessMemory или WriteProcessMemory был выполнен только частично. (0x12B)
[1125/201312.472:ERROR:process_memory_win.cc(73)] ReadMemory at 0x22c11f73668 of 512 bytes failed: Запрос ReadProcessMemory или WriteProcessMemory был выполнен только частично. (0x12B)
[1125/201312.472:ERROR:process_memory_win.cc(73)] ReadMemory at 0x22c11f73ae8 of 512 bytes failed: Запрос ReadProcessMemory или WriteProcessMemory был выполнен только частично. (0x12B)
[1125/201312.472:ERROR:process_memory_win.cc(73)] ReadMemory at 0x22c11f74b38 of 512 bytes failed: Запрос ReadProcessMemory или WriteProcessMemory был выполнен только частично. (0x12B)
[1125/201312.472:ERROR:process_memory_win.cc(73)] ReadMemory at 0x22c13d8fa40 of 512 bytes failed: Запрос ReadProcessMemory или WriteProcessMemory был выполнен только частично. (0x12B)
[1125/201312.472:ERROR:process_memory_win.cc(73)] ReadMemory at 0x22c142780d8 of 512 bytes failed: Запрос ReadProcessMemory или WriteProcessMemory был выполнен только частично. (0x12B)
[1125/201312.472:ERROR:process_memory_win.cc(73)] ReadMemory at 0x22c142807b0 of 512 bytes failed: Запрос ReadProcessMemory или WriteProcessMemory был выполнен только частично. (0x12B)
[1125/201312.472:ERROR:process_memory_win.cc(73)] ReadMemory at 0x22c143d1e18 of 512 bytes failed: Запрос ReadProcessMemory или WriteProcessMemory был выполнен только частично. (0x12B)
[1125/201312.472:ERROR:process_memory_win.cc(73)] ReadMemory at 0x22c146dec30 of 512 bytes failed: Запрос ReadProcessMemory или WriteProcessMemory был выполнен только частично. (0x12B)
[1125/201312.472:ERROR:process_memory_win.cc(73)] ReadMemory at 0x22c147e2d60 of 512 bytes failed: Запрос ReadProcessMemory или WriteProcessMemory был выполнен только частично. (0x12B)
[1125/201312.472:ERROR:process_memory_win.cc(73)] ReadMemory at 0x22c14886560 of 520 bytes failed: Запрос ReadProcessMemory или WriteProcessMemory был выполнен только частично. (0x12B)
[1125/201312.472:ERROR:process_memory_win.cc(73)] ReadMemory at 0x22c149466d0 of 512 bytes failed: Запрос ReadProcessMemory или WriteProcessMemory был выполнен только частично. (0x12B)
[1125/201312.472:ERROR:process_memory_win.cc(73)] ReadMemory at 0x22c14946af0 of 512 bytes failed: Запрос ReadProcessMemory или WriteProcessMemory был выполнен только частично. (0x12B)
[1125/201312.472:ERROR:process_memory_win.cc(73)] ReadMemory at 0x22c149739f0 of 512 bytes failed: Запрос ReadProcessMemory или WriteProcessMemory был выполнен только частично. (0x12B)
[1125/201312.472:ERROR:process_memory_win.cc(73)] ReadMemory at 0x5304b4581000 of 440 bytes failed: Запрос ReadProcessMemory или WriteProcessMemory был выполнен только частично. (0x12B)
[1125/201312.473:ERROR:process_memory_win.cc(73)] ReadMemory at 0x7a2de4d3a638 of 528 bytes failed: Запрос ReadProcessMemory или WriteProcessMemory был выполнен только частично. (0x12B)
[1125/201312.473:ERROR:process_memory_win.cc(73)] ReadMemory at 0x7ff8f1640000 of 384 bytes failed: Запрос ReadProcessMemory или WriteProcessMemory был выполнен только частично. (0x12B)
[1125/201312.473:ERROR:process_memory_win.cc(73)] ReadMemory at 0x7ff8f183a95d of 512 bytes failed: Запрос ReadProcessMemory или WriteProcessMemory был выполнен только частично. (0x12B)
[1125/201312.473:ERROR:process_memory_win.cc(73)] ReadMemory at 0x7ff8f30cc5a0 of 652 bytes failed: Запрос ReadProcessMemory или WriteProcessMemory был выполнен только частично. (0x12B)
[1125/201312.473:ERROR:process_memory_win.cc(73)] ReadMemory at 0x7ff8f384a502 of 512 bytes failed: Запрос ReadProcessMemory или WriteProcessMemory был выполнен только частично. (0x12B)
[1125/201312.473:ERROR:process_memory_win.cc(73)] ReadMemory at 0x7ff8f5c87feb of 512 bytes failed: Запрос ReadProcessMemory или WriteProcessMemory был выполнен только частично. (0x12B)
[1125/201312.473:ERROR:process_memory_win.cc(73)] ReadMemory at 0x7ff936aca7b9 of 512 bytes failed: Запрос ReadProcessMemory или WriteProcessMemory был выполнен только частично. (0x12B)
[1125/201312.473:ERROR:process_memory_win.cc(73)] ReadMemory at 0x7ff936cfb6d0 of 512 bytes failed: Запрос ReadProcessMemory или WriteProcessMemory был выполнен только частично. (0x12B)
[1125/201312.473:ERROR:process_memory_win.cc(73)] ReadMemory at 0x7ff938e3c0c4 of 672 bytes failed: Запрос ReadProcessMemory или WriteProcessMemory был выполнен только частично. (0x12B)
[1125/201312.473:ERROR:process_memory_win.cc(73)] ReadMemory at 0x7ff938e3c6c4 of 512 bytes failed: Запрос ReadProcessMemory или WriteProcessMemory был выполнен только частично. (0x12B)
[1125/201312.473:ERROR:process_memory_win.cc(73)] ReadMemory at 0x7ff938e3f974 of 608 bytes failed: Запрос ReadProcessMemory или WriteProcessMemory был выполнен только частично. (0x12B)
[1125/201312.473:ERROR:process_memory_win.cc(73)] ReadMemory at 0x7ff938ecc428 of 18 bytes failed: Запрос ReadProcessMemory или WriteProcessMemory был выполнен только частично. (0x12B)
[1125/201312.473:ERROR:process_memory_win.cc(73)] ReadMemory at 0x7ff938eff4f8 of 40 bytes failed: Запрос ReadProcessMemory или WriteProcessMemory был выполнен только частично. (0x12B)
[1125/201312.473:ERROR:process_memory_win.cc(73)] ReadMemory at 0x7ff938eff978 of 48 bytes failed: Запрос ReadProcessMemory или WriteProcessMemory был выполнен только частично. (0x12B)
[1125/201312.473:ERROR:process_memory_win.cc(73)] ReadMemory at 0x7ff938f053c0 of 64 bytes failed: Запрос ReadProcessMemory или WriteProcessMemory был выполнен только частично. (0x12B)
[1125/201312.476:ERROR:scoped_process_suspend.cc(40)] NtResumeProcess: Попытка доступа к процессу, выполняющему процедуру завершения. (0xc000010a)
